[2024-08-01 22:06:19] local.INFO: Session has timed out  
[2024-08-01 22:06:44] local.INFO: emp ID set: XSS-0488  
[2024-08-01 22:06:44] local.INFO: Before next request call {"request":{"Illuminate\\Http\\Request":"GET / HTTP/1.1

Accept:                    text/html,application/xhtml+xml,application/xml;q=0.9,image/avif,image/webp,image/apng,*/*;q=0.8,application/signed-exchange;v=b3;q=0.7

Accept-Encoding:           gzip, deflate, br, zstd

Accept-Language:           en-US,en;q=0.9

Connection:                keep-alive

Cookie:                    XSRF-TOKEN=eyJpdiI6InFiUk5TK3BCWFNVK2dva0ptT29tZ3c9PSIsInZhbHVlIjoibmVpZFVqVUNlVjJocThWS1dFQTZuZElrTGx4cUVSNlBZRjkzT1paazAyVDFyRWVxVDltYzFPYm1QWWhmNXlzbmVrYkFNR3g1MzR4UDlIbGVlRVArTjNBUk9xY0Eyc0RXZ2s1aFFsT0xIKzVVcEdSejhPVjlha29KcUNHRzkzZisiLCJtYWMiOiIwMzViNDdjNDBjMzQwNmQ3OGYyMTdmMDQ2ZTNmNmEwMTVjNWVhNjgyNzQwNzM0YzkxMjNjYWFjZmQ0OTJkNjBiIiwidGFnIjoiIn0%3D; laravel_session=eyJpdiI6Imt6UWcrL0dtaUw1WjVyMGZlQzYzSlE9PSIsInZhbHVlIjoiUVI1OHMzaEljcWlmU04wZE5uVlJtT0FTQmk2UDZTdEpIRjBScVhqaFFwbEljN2x1aWFySjZ6OWo0TWhGUkxISlpobmx5TDM1WVZxOHkySjkzMURwUE04Um9TUjdKWE5QTG5iOFNnL2Q0QXJPWWZIcTRjcGI2aFQvYnEwU2RTVlkiLCJtYWMiOiI1OTI3NzlmNDkzNTE1ZjZlZjRjMzljNDJkYmE4ZjQxYWVlOTEyZjAyYjY1Yjk5NDI2ZjgyM2Q4YmNhMjI4OTI5IiwidGFnIjoiIn0%3D

Host:                      127.0.0.1:8000

Referer:                   http://127.0.0.1:8000/emplogin

Sec-Ch-Ua:                 \"Not)A;Brand\";v=\"99\", \"Google Chrome\";v=\"127\", \"Chromium\";v=\"127\"

Sec-Ch-Ua-Mobile:          ?0

Sec-Ch-Ua-Platform:        \"Windows\"

Sec-Fetch-Dest:            document

Sec-Fetch-Mode:            navigate

Sec-Fetch-Site:            same-origin

Sec-Fetch-User:            ?1

Upgrade-Insecure-Requests: 1

User-Agent:                Mozilla/5.0 (Windows NT 10.0; Win64; x64) AppleWebKit/537.36 (KHTML, like Gecko) Chrome/127.0.0.0 Safari/537.36

Cookie: XSRF-TOKEN=wN3TAZU0GTpr9BS5Osnat3XC7cFdwmF47GEZ4Jwc; laravel_session=9XaRyrS0Sx5GKBwELYBEsLA5SvKTi48Qr4hZHzDk



"}} 
