[2024-12-06 13:13:46] local.ERROR: Exception Encountered : Unauthenticated. {"exception":"[object] (Illuminate\\Auth\\AuthenticationException(code: 0): Unauthenticated. at /home/u448616157/domains/s6.payg-india.com/public_html/vendor/laravel/framework/src/Illuminate/Auth/Middleware/Authenticate.php:95)
[stacktrace]
#0 /home/u448616157/domains/s6.payg-india.com/public_html/vendor/laravel/framework/src/Illuminate/Auth/Middleware/Authenticate.php(81): Illuminate\\Auth\\Middleware\\Authenticate->unauthenticated()
#1 /home/u448616157/domains/s6.payg-india.com/public_html/vendor/laravel/framework/src/Illuminate/Auth/Middleware/Authenticate.php(55): Illuminate\\Auth\\Middleware\\Authenticate->authenticate()
#2 /home/u448616157/domains/s6.payg-india.com/public_html/vendor/laravel/framework/src/Illuminate/Pipeline/Pipeline.php(183): Illuminate\\Auth\\Middleware\\Authenticate->handle()
#3 /home/u448616157/domains/s6.payg-india.com/public_html/vendor/laravel/framework/src/Illuminate/Foundation/Http/Middleware/VerifyCsrfToken.php(78): Illuminate\\Pipeline\\Pipeline->Illuminate\\Pipeline\\{closure}()
#4 /home/u448616157/domains/s6.payg-india.com/public_html/vendor/laravel/framework/src/Illuminate/Pipeline/Pipeline.php(183): Illuminate\\Foundation\\Http\\Middleware\\VerifyCsrfToken->handle()
#5 /home/u448616157/domains/s6.payg-india.com/public_html/vendor/laravel/framework/src/Illuminate/View/Middleware/ShareErrorsFromSession.php(49): Illuminate\\Pipeline\\Pipeline->Illuminate\\Pipeline\\{closure}()
#6 /home/u448616157/domains/s6.payg-india.com/public_html/vendor/laravel/framework/src/Illuminate/Pipeline/Pipeline.php(183): Illuminate\\View\\Middleware\\ShareErrorsFromSession->handle()
#7 /home/u448616157/domains/s6.payg-india.com/public_html/vendor/laravel/framework/src/Illuminate/Session/Middleware/StartSession.php(121): Illuminate\\Pipeline\\Pipeline->Illuminate\\Pipeline\\{closure}()
#8 /home/u448616157/domains/s6.payg-india.com/public_html/vendor/laravel/framework/src/Illuminate/Session/Middleware/StartSession.php(64): Illuminate\\Session\\Middleware\\StartSession->handleStatefulRequest()
#9 /home/u448616157/domains/s6.payg-india.com/public_html/vendor/laravel/framework/src/Illuminate/Pipeline/Pipeline.php(183): Illuminate\\Session\\Middleware\\StartSession->handle()
#10 /home/u448616157/domains/s6.payg-india.com/public_html/vendor/laravel/framework/src/Illuminate/Cookie/Middleware/AddQueuedCookiesToResponse.php(37): Illuminate\\Pipeline\\Pipeline->Illuminate\\Pipeline\\{closure}()
#11 /home/u448616157/domains/s6.payg-india.com/public_html/vendor/laravel/framework/src/Illuminate/Pipeline/Pipeline.php(183): Illuminate\\Cookie\\Middleware\\AddQueuedCookiesToResponse->handle()
#12 /home/u448616157/domains/s6.payg-india.com/public_html/vendor/laravel/framework/src/Illuminate/Cookie/Middleware/EncryptCookies.php(67): Illuminate\\Pipeline\\Pipeline->Illuminate\\Pipeline\\{closure}()
#13 /home/u448616157/domains/s6.payg-india.com/public_html/vendor/laravel/framework/src/Illuminate/Pipeline/Pipeline.php(183): Illuminate\\Cookie\\Middleware\\EncryptCookies->handle()
#14 /home/u448616157/domains/s6.payg-india.com/public_html/vendor/laravel/framework/src/Illuminate/Pipeline/Pipeline.php(119): Illuminate\\Pipeline\\Pipeline->Illuminate\\Pipeline\\{closure}()
#15 /home/u448616157/domains/s6.payg-india.com/public_html/vendor/laravel/framework/src/Illuminate/Routing/Router.php(805): Illuminate\\Pipeline\\Pipeline->then()
#16 /home/u448616157/domains/s6.payg-india.com/public_html/vendor/laravel/framework/src/Illuminate/Routing/Router.php(784): Illuminate\\Routing\\Router->runRouteWithinStack()
#17 /home/u448616157/domains/s6.payg-india.com/public_html/vendor/laravel/framework/src/Illuminate/Routing/Router.php(748): Illuminate\\Routing\\Router->runRoute()
#18 /home/u448616157/domains/s6.payg-india.com/public_html/vendor/laravel/framework/src/Illuminate/Routing/Router.php(737): Illuminate\\Routing\\Router->dispatchToRoute()
#19 /home/u448616157/domains/s6.payg-india.com/public_html/vendor/laravel/framework/src/Illuminate/Foundation/Http/Kernel.php(200): Illuminate\\Routing\\Router->dispatch()
#20 /home/u448616157/domains/s6.payg-india.com/public_html/vendor/laravel/framework/src/Illuminate/Pipeline/Pipeline.php(144): Illuminate\\Foundation\\Http\\Kernel->Illuminate\\Foundation\\Http\\{closure}()
#21 /home/u448616157/domains/s6.payg-india.com/public_html/vendor/livewire/livewire/src/Features/SupportDisablingBackButtonCache/DisableBackButtonCacheMiddleware.php(19): Illuminate\\Pipeline\\Pipeline->Illuminate\\Pipeline\\{closure}()
#22 /home/u448616157/domains/s6.payg-india.com/public_html/vendor/laravel/framework/src/Illuminate/Pipeline/Pipeline.php(183): Livewire\\Features\\SupportDisablingBackButtonCache\\DisableBackButtonCacheMiddleware->handle()
#23 /home/u448616157/domains/s6.payg-india.com/public_html/app/Http/Middleware/AddCacheControlHeaders.php(23): Illuminate\\Pipeline\\Pipeline->Illuminate\\Pipeline\\{closure}()
#24 /home/u448616157/domains/s6.payg-india.com/public_html/vendor/laravel/framework/src/Illuminate/Pipeline/Pipeline.php(183): App\\Http\\Middleware\\AddCacheControlHeaders->handle()
#25 /home/u448616157/domains/s6.payg-india.com/public_html/vendor/sarfraznawaz2005/loading/src/Http/Middleware/LoadingMiddleware.php(20): Illuminate\\Pipeline\\Pipeline->Illuminate\\Pipeline\\{closure}()
#26 /home/u448616157/domains/s6.payg-india.com/public_html/vendor/laravel/framework/src/Illuminate/Pipeline/Pipeline.php(183): Sarfraznawaz2005\\Loading\\Http\\Middleware\\LoadingMiddleware->handle()
#27 /home/u448616157/domains/s6.payg-india.com/public_html/app/Http/Middleware/CleanupLivewireTempFiles.php(21): Illuminate\\Pipeline\\Pipeline->Illuminate\\Pipeline\\{closure}()
#28 /home/u448616157/domains/s6.payg-india.com/public_html/vendor/laravel/framework/src/Illuminate/Pipeline/Pipeline.php(183): App\\Http\\Middleware\\CleanupLivewireTempFiles->handle()
#29 /home/u448616157/domains/s6.payg-india.com/public_html/vendor/laravel/framework/src/Illuminate/Foundation/Http/Middleware/TransformsRequest.php(21): Illuminate\\Pipeline\\Pipeline->Illuminate\\Pipeline\\{closure}()
#30 /home/u448616157/domains/s6.payg-india.com/public_html/vendor/laravel/framework/src/Illuminate/Foundation/Http/Middleware/ConvertEmptyStringsToNull.php(31): Illuminate\\Foundation\\Http\\Middleware\\TransformsRequest->handle()
#31 /home/u448616157/domains/s6.payg-india.com/public_html/vendor/laravel/framework/src/Illuminate/Pipeline/Pipeline.php(183): Illuminate\\Foundation\\Http\\Middleware\\ConvertEmptyStringsToNull->handle()
#32 /home/u448616157/domains/s6.payg-india.com/public_html/vendor/laravel/framework/src/Illuminate/Foundation/Http/Middleware/TransformsRequest.php(21): Illuminate\\Pipeline\\Pipeline->Illuminate\\Pipeline\\{closure}()
#33 /home/u448616157/domains/s6.payg-india.com/public_html/vendor/laravel/framework/src/Illuminate/Foundation/Http/Middleware/TrimStrings.php(40): Illuminate\\Foundation\\Http\\Middleware\\TransformsRequest->handle()
#34 /home/u448616157/domains/s6.payg-india.com/public_html/vendor/laravel/framework/src/Illuminate/Pipeline/Pipeline.php(183): Illuminate\\Foundation\\Http\\Middleware\\TrimStrings->handle()
#35 /home/u448616157/domains/s6.payg-india.com/public_html/vendor/laravel/framework/src/Illuminate/Foundation/Http/Middleware/ValidatePostSize.php(27): Illuminate\\Pipeline\\Pipeline->Illuminate\\Pipeline\\{closure}()
#36 /home/u448616157/domains/s6.payg-india.com/public_html/vendor/laravel/framework/src/Illuminate/Pipeline/Pipeline.php(183): Illuminate\\Foundation\\Http\\Middleware\\ValidatePostSize->handle()
#37 /home/u448616157/domains/s6.payg-india.com/public_html/vendor/laravel/framework/src/Illuminate/Http/Middleware/HandleCors.php(49): Illuminate\\Pipeline\\Pipeline->Illuminate\\Pipeline\\{closure}()
#38 /home/u448616157/domains/s6.payg-india.com/public_html/vendor/laravel/framework/src/Illuminate/Pipeline/Pipeline.php(183): Illuminate\\Http\\Middleware\\HandleCors->handle()
#39 /home/u448616157/domains/s6.payg-india.com/public_html/vendor/laravel/framework/src/Illuminate/Http/Middleware/TrustProxies.php(39): Illuminate\\Pipeline\\Pipeline->Illuminate\\Pipeline\\{closure}()
#40 /home/u448616157/domains/s6.payg-india.com/public_html/vendor/laravel/framework/src/Illuminate/Pipeline/Pipeline.php(183): Illuminate\\Http\\Middleware\\TrustProxies->handle()
#41 /home/u448616157/domains/s6.payg-india.com/public_html/vendor/laravel/framework/src/Illuminate/Pipeline/Pipeline.php(119): Illuminate\\Pipeline\\Pipeline->Illuminate\\Pipeline\\{closure}()
#42 /home/u448616157/domains/s6.payg-india.com/public_html/vendor/laravel/framework/src/Illuminate/Foundation/Http/Kernel.php(175): Illuminate\\Pipeline\\Pipeline->then()
#43 /home/u448616157/domains/s6.payg-india.com/public_html/vendor/laravel/framework/src/Illuminate/Foundation/Http/Kernel.php(144): Illuminate\\Foundation\\Http\\Kernel->sendRequestThroughRouter()
#44 /home/u448616157/domains/s6.payg-india.com/public_html/public/index.php(51): Illuminate\\Foundation\\Http\\Kernel->handle()
#45 {main}
"} 
[2024-12-06 13:13:46] local.INFO: Session has timed out  
[2024-12-06 13:13:59] local.ERROR: Trait "App\Traits\ChatHelpers" not found {"exception":"[object] (Symfony\\Component\\ErrorHandler\\Error\\FatalError(code: 0): Trait \"App\\Traits\\ChatHelpers\" not found at /home/u448616157/domains/s6.payg-india.com/public_html/app/Models/EmployeeDetails.php:18)
[stacktrace]
#0 {main}
"} 
[2024-12-06 13:13:59] local.ERROR: Exception Encountered : Trait "App\Traits\ChatHelpers" not found {"exception":"[object] (Symfony\\Component\\ErrorHandler\\Error\\FatalError(code: 0): Trait \"App\\Traits\\ChatHelpers\" not found at /home/u448616157/domains/s6.payg-india.com/public_html/app/Models/EmployeeDetails.php:18)
[stacktrace]
#0 {main}
"} 
[2024-12-06 13:14:03] local.ERROR: SQLSTATE[42S22]: Column not found: 1054 Unknown column 'reminder_sent' in 'where clause' (Connection: mysql, SQL: select * from `tasks` where date(`due_date`) = 2024-12-06 and `status` != 11 and `reminder_sent` = 0) {"exception":"[object] (Illuminate\\Database\\QueryException(code: 42S22): SQLSTATE[42S22]: Column not found: 1054 Unknown column 'reminder_sent' in 'where clause' (Connection: mysql, SQL: select * from `tasks` where date(`due_date`) = 2024-12-06 and `status` != 11 and `reminder_sent` = 0) at /home/u448616157/domains/s6.payg-india.com/public_html/vendor/laravel/framework/src/Illuminate/Database/Connection.php:829)
[stacktrace]
#0 /home/u448616157/domains/s6.payg-india.com/public_html/vendor/laravel/framework/src/Illuminate/Database/Connection.php(783): Illuminate\\Database\\Connection->runQueryCallback()
#1 /home/u448616157/domains/s6.payg-india.com/public_html/vendor/laravel/framework/src/Illuminate/Database/Connection.php(414): Illuminate\\Database\\Connection->run()
#2 /home/u448616157/domains/s6.payg-india.com/public_html/vendor/laravel/framework/src/Illuminate/Database/Query/Builder.php(2913): Illuminate\\Database\\Connection->select()
#3 /home/u448616157/domains/s6.payg-india.com/public_html/vendor/laravel/framework/src/Illuminate/Database/Query/Builder.php(2902): Illuminate\\Database\\Query\\Builder->runSelect()
#4 /home/u448616157/domains/s6.payg-india.com/public_html/vendor/laravel/framework/src/Illuminate/Database/Query/Builder.php(3456): Illuminate\\Database\\Query\\Builder->Illuminate\\Database\\Query\\{closure}()
#5 /home/u448616157/domains/s6.payg-india.com/public_html/vendor/laravel/framework/src/Illuminate/Database/Query/Builder.php(2901): Illuminate\\Database\\Query\\Builder->onceWithColumns()
#6 /home/u448616157/domains/s6.payg-india.com/public_html/vendor/laravel/framework/src/Illuminate/Database/Eloquent/Builder.php(739): Illuminate\\Database\\Query\\Builder->get()
#7 /home/u448616157/domains/s6.payg-india.com/public_html/vendor/laravel/framework/src/Illuminate/Database/Eloquent/Builder.php(723): Illuminate\\Database\\Eloquent\\Builder->getModels()
#8 /home/u448616157/domains/s6.payg-india.com/public_html/app/Console/Commands/SendTaskReminder.php(46): Illuminate\\Database\\Eloquent\\Builder->get()
#9 /home/u448616157/domains/s6.payg-india.com/public_html/vendor/laravel/framework/src/Illuminate/Container/BoundMethod.php(36): App\\Console\\Commands\\SendTaskReminder->handle()
#10 /home/u448616157/domains/s6.payg-india.com/public_html/vendor/laravel/framework/src/Illuminate/Container/Util.php(41): Illuminate\\Container\\BoundMethod::Illuminate\\Container\\{closure}()
#11 /home/u448616157/domains/s6.payg-india.com/public_html/vendor/laravel/framework/src/Illuminate/Container/BoundMethod.php(93): Illuminate\\Container\\Util::unwrapIfClosure()
#12 /home/u448616157/domains/s6.payg-india.com/public_html/vendor/laravel/framework/src/Illuminate/Container/BoundMethod.php(35): Illuminate\\Container\\BoundMethod::callBoundMethod()
#13 /home/u448616157/domains/s6.payg-india.com/public_html/vendor/laravel/framework/src/Illuminate/Container/Container.php(662): Illuminate\\Container\\BoundMethod::call()
#14 /home/u448616157/domains/s6.payg-india.com/public_html/vendor/laravel/framework/src/Illuminate/Console/Command.php(211): Illuminate\\Container\\Container->call()
#15 /home/u448616157/domains/s6.payg-india.com/public_html/vendor/symfony/console/Command/Command.php(326): Illuminate\\Console\\Command->execute()
#16 /home/u448616157/domains/s6.payg-india.com/public_html/vendor/laravel/framework/src/Illuminate/Console/Command.php(180): Symfony\\Component\\Console\\Command\\Command->run()
#17 /home/u448616157/domains/s6.payg-india.com/public_html/vendor/symfony/console/Application.php(1096): Illuminate\\Console\\Command->run()
#18 /home/u448616157/domains/s6.payg-india.com/public_html/vendor/symfony/console/Application.php(324): Symfony\\Component\\Console\\Application->doRunCommand()
#19 /home/u448616157/domains/s6.payg-india.com/public_html/vendor/symfony/console/Application.php(175): Symfony\\Component\\Console\\Application->doRun()
#20 /home/u448616157/domains/s6.payg-india.com/public_html/vendor/laravel/framework/src/Illuminate/Foundation/Console/Kernel.php(201): Symfony\\Component\\Console\\Application->run()
#21 /home/u448616157/domains/s6.payg-india.com/public_html/artisan(35): Illuminate\\Foundation\\Console\\Kernel->handle()
#22 {main}

[previous exception] [object] (PDOException(code: 42S22): SQLSTATE[42S22]: Column not found: 1054 Unknown column 'reminder_sent' in 'where clause' at /home/u448616157/domains/s6.payg-india.com/public_html/vendor/laravel/framework/src/Illuminate/Database/Connection.php:423)
[stacktrace]
#0 /home/u448616157/domains/s6.payg-india.com/public_html/vendor/laravel/framework/src/Illuminate/Database/Connection.php(423): PDO->prepare()
#1 /home/u448616157/domains/s6.payg-india.com/public_html/vendor/laravel/framework/src/Illuminate/Database/Connection.php(816): Illuminate\\Database\\Connection->Illuminate\\Database\\{closure}()
#2 /home/u448616157/domains/s6.payg-india.com/public_html/vendor/laravel/framework/src/Illuminate/Database/Connection.php(783): Illuminate\\Database\\Connection->runQueryCallback()
#3 /home/u448616157/domains/s6.payg-india.com/public_html/vendor/laravel/framework/src/Illuminate/Database/Connection.php(414): Illuminate\\Database\\Connection->run()
#4 /home/u448616157/domains/s6.payg-india.com/public_html/vendor/laravel/framework/src/Illuminate/Database/Query/Builder.php(2913): Illuminate\\Database\\Connection->select()
#5 /home/u448616157/domains/s6.payg-india.com/public_html/vendor/laravel/framework/src/Illuminate/Database/Query/Builder.php(2902): Illuminate\\Database\\Query\\Builder->runSelect()
#6 /home/u448616157/domains/s6.payg-india.com/public_html/vendor/laravel/framework/src/Illuminate/Database/Query/Builder.php(3456): Illuminate\\Database\\Query\\Builder->Illuminate\\Database\\Query\\{closure}()
#7 /home/u448616157/domains/s6.payg-india.com/public_html/vendor/laravel/framework/src/Illuminate/Database/Query/Builder.php(2901): Illuminate\\Database\\Query\\Builder->onceWithColumns()
#8 /home/u448616157/domains/s6.payg-india.com/public_html/vendor/laravel/framework/src/Illuminate/Database/Eloquent/Builder.php(739): Illuminate\\Database\\Query\\Builder->get()
#9 /home/u448616157/domains/s6.payg-india.com/public_html/vendor/laravel/framework/src/Illuminate/Database/Eloquent/Builder.php(723): Illuminate\\Database\\Eloquent\\Builder->getModels()
#10 /home/u448616157/domains/s6.payg-india.com/public_html/app/Console/Commands/SendTaskReminder.php(46): Illuminate\\Database\\Eloquent\\Builder->get()
#11 /home/u448616157/domains/s6.payg-india.com/public_html/vendor/laravel/framework/src/Illuminate/Container/BoundMethod.php(36): App\\Console\\Commands\\SendTaskReminder->handle()
#12 /home/u448616157/domains/s6.payg-india.com/public_html/vendor/laravel/framework/src/Illuminate/Container/Util.php(41): Illuminate\\Container\\BoundMethod::Illuminate\\Container\\{closure}()
#13 /home/u448616157/domains/s6.payg-india.com/public_html/vendor/laravel/framework/src/Illuminate/Container/BoundMethod.php(93): Illuminate\\Container\\Util::unwrapIfClosure()
#14 /home/u448616157/domains/s6.payg-india.com/public_html/vendor/laravel/framework/src/Illuminate/Container/BoundMethod.php(35): Illuminate\\Container\\BoundMethod::callBoundMethod()
#15 /home/u448616157/domains/s6.payg-india.com/public_html/vendor/laravel/framework/src/Illuminate/Container/Container.php(662): Illuminate\\Container\\BoundMethod::call()
#16 /home/u448616157/domains/s6.payg-india.com/public_html/vendor/laravel/framework/src/Illuminate/Console/Command.php(211): Illuminate\\Container\\Container->call()
#17 /home/u448616157/domains/s6.payg-india.com/public_html/vendor/symfony/console/Command/Command.php(326): Illuminate\\Console\\Command->execute()
#18 /home/u448616157/domains/s6.payg-india.com/public_html/vendor/laravel/framework/src/Illuminate/Console/Command.php(180): Symfony\\Component\\Console\\Command\\Command->run()
#19 /home/u448616157/domains/s6.payg-india.com/public_html/vendor/symfony/console/Application.php(1096): Illuminate\\Console\\Command->run()
#20 /home/u448616157/domains/s6.payg-india.com/public_html/vendor/symfony/console/Application.php(324): Symfony\\Component\\Console\\Application->doRunCommand()
#21 /home/u448616157/domains/s6.payg-india.com/public_html/vendor/symfony/console/Application.php(175): Symfony\\Component\\Console\\Application->doRun()
#22 /home/u448616157/domains/s6.payg-india.com/public_html/vendor/laravel/framework/src/Illuminate/Foundation/Console/Kernel.php(201): Symfony\\Component\\Console\\Application->run()
#23 /home/u448616157/domains/s6.payg-india.com/public_html/artisan(35): Illuminate\\Foundation\\Console\\Kernel->handle()
#24 {main}
"} 
[2024-12-06 13:14:03] local.ERROR: Command "AppConsoleCommandsManageSwipeRecordsTables" is not defined. {"exception":"[object] (Symfony\\Component\\Console\\Exception\\CommandNotFoundException(code: 0): Command \"AppConsoleCommandsManageSwipeRecordsTables\" is not defined. at /home/u448616157/domains/s6.payg-india.com/public_html/vendor/symfony/console/Application.php:737)
[stacktrace]
#0 /home/u448616157/domains/s6.payg-india.com/public_html/vendor/symfony/console/Application.php(266): Symfony\\Component\\Console\\Application->find()
#1 /home/u448616157/domains/s6.payg-india.com/public_html/vendor/symfony/console/Application.php(175): Symfony\\Component\\Console\\Application->doRun()
#2 /home/u448616157/domains/s6.payg-india.com/public_html/vendor/laravel/framework/src/Illuminate/Foundation/Console/Kernel.php(201): Symfony\\Component\\Console\\Application->run()
#3 /home/u448616157/domains/s6.payg-india.com/public_html/artisan(35): Illuminate\\Foundation\\Console\\Kernel->handle()
#4 {main}
"} 
[2024-12-06 13:14:04] local.ERROR: Error sending email: Expected response code "250/251/252" but got code "553", with message "553 5.7.1 <info@w3.payg-india.com>: Sender address rejected: not owned by user info@s6.payg-india.com".  
[2024-12-06 13:14:04] local.ERROR: Error sending email: Expected response code "250/251/252" but got code "553", with message "553 5.7.1 <info@w3.payg-india.com>: Sender address rejected: not owned by user info@s6.payg-india.com".  
[2024-12-06 13:14:22] local.INFO: Session has timed out  
[2024-12-06 13:14:25] local.INFO: Session has timed out  
[2024-12-06 13:14:34] local.ERROR: Trait "App\Traits\ChatHelpers" not found {"exception":"[object] (Symfony\\Component\\ErrorHandler\\Error\\FatalError(code: 0): Trait \"App\\Traits\\ChatHelpers\" not found at /home/u448616157/domains/s6.payg-india.com/public_html/app/Models/EmployeeDetails.php:18)
[stacktrace]
#0 {main}
"} 
[2024-12-06 13:14:34] local.ERROR: Exception Encountered : Trait "App\Traits\ChatHelpers" not found {"exception":"[object] (Symfony\\Component\\ErrorHandler\\Error\\FatalError(code: 0): Trait \"App\\Traits\\ChatHelpers\" not found at /home/u448616157/domains/s6.payg-india.com/public_html/app/Models/EmployeeDetails.php:18)
[stacktrace]
#0 {main}
"} 
